
The following files have been resolved:
   org.eclipse.jetty:jetty-webapp:jar:9.3.6.v20151106:compile
   org.slf4j:slf4j-nop:jar:1.7.7:compile
   com.squareup.okio:okio:jar:1.13.0:compile
   org.eclipse.jetty.websocket:websocket-client:jar:9.3.6.v20151106:compile
   org.reactivestreams:reactive-streams:jar:1.0.1:compile
   com.sparkjava:spark-core:jar:2.5:compile
   org.eclipse.jetty:jetty-security:jar:9.3.6.v20151106:compile
   org.eclipse.jetty:jetty-http:jar:9.3.6.v20151106:compile
   io.reactivex.rxjava2:rxjava:jar:2.1.6:compile
   joda-time:joda-time:jar:2.9.9:compile
   com.squareup.okhttp3:okhttp:jar:3.8.1:compile
   org.eclipse.jetty:jetty-server:jar:9.3.6.v20151106:compile
   com.google.maps:google-maps-services:jar:0.2.5:compile
   org.eclipse.jetty:jetty-servlet:jar:9.3.6.v20151106:compile
   javax.servlet:javax.servlet-api:jar:3.1.0:compile
   org.eclipse.jetty:jetty-xml:jar:9.3.6.v20151106:compile
   org.slf4j:slf4j-api:jar:1.7.13:compile
   org.eclipse.jetty.websocket:websocket-api:jar:9.3.6.v20151106:compile
   org.eclipse.jetty.websocket:websocket-servlet:jar:9.3.6.v20151106:compile
   org.eclipse.jetty:jetty-util:jar:9.3.6.v20151106:compile
   org.eclipse.jetty.websocket:websocket-server:jar:9.3.6.v20151106:compile
   org.eclipse.jetty.websocket:websocket-common:jar:9.3.6.v20151106:compile
   org.gavaghan:geodesy:jar:1.1.3:compile
   com.google.code.gson:gson:jar:2.2.4:compile
   org.eclipse.jetty:jetty-io:jar:9.3.6.v20151106:compile

